<?xml version="1.0" encoding="UTF-8"?>
<!-- Generated by org.testng.reporters.JUnitReportReporter -->
<testsuite hostname="DESKTOP-LP6VUB6" name="com.learnautomation.selenium.DemoForMaven" tests="1" failures="0" timestamp="19 Apr 2017 00:37:03 GMT" time="0.012" errors="0">
  <testcase name="testHello" time="0.012" classname="com.learnautomation.selenium.DemoForMaven"/>
</testsuite> <!-- com.learnautomation.selenium.DemoForMaven -->
